[2025-04-14 01:10:09] [36m[info][0m init_db.go:28 goblog/core.InitDB æ•°æ®åº“è¿æ¥æˆåŠŸ!
[2025-04-14 01:10:10] [36m[info][0m init_redis.go:20 goblog/core.InitRedis redisè¿æ¥æˆåŠŸ!
[2025-04-14 01:10:17] [36m[info][0m flag_db.go:32 goblog/flags.FlagDB æ•°æ®åº“è¿ç§»æˆåŠŸ!
[2025-04-14 13:16:24] [36m[info][0m init_db.go:28 goblog/core.InitDB æ•°æ®åº“è¿æ¥æˆåŠŸ!
[2025-04-14 13:16:25] [36m[info][0m init_redis.go:20 goblog/core.InitRedis redisè¿æ¥æˆåŠŸ!
[2025-04-14 13:16:28] [36m[info][0m init_es.go:24 goblog/core.EsConnect esè¿æ¥æˆåŠŸ
[2025-04-14 13:17:00] [36m[info][0m init_db.go:28 goblog/core.InitDB æ•°æ®åº“è¿æ¥æˆåŠŸ!
[2025-04-14 13:17:01] [36m[info][0m init_redis.go:20 goblog/core.InitRedis redisè¿æ¥æˆåŠŸ!
[2025-04-14 13:17:03] [36m[info][0m init_es.go:24 goblog/core.EsConnect esè¿æ¥æˆåŠŸ!
[2025-04-14 13:17:54] [36m[info][0m init_db.go:26 goblog/core.InitDB æ•°æ®åº“è¿æ¥æˆåŠŸ!
[2025-04-14 13:17:55] [36m[info][0m init_redis.go:20 goblog/core.InitRedis redisè¿æ¥æˆåŠŸ!
[2025-04-14 13:17:57] [36m[info][0m init_es.go:24 goblog/core.EsConnect esè¿æ¥æˆåŠŸ!
[2025-04-14 13:22:44] [36m[info][0m init_db.go:26 goblog/core.InitDB æ•°æ®åº“è¿æ¥æˆåŠŸ!
[2025-04-14 13:22:45] [36m[info][0m init_redis.go:20 goblog/core.InitRedis redisè¿æ¥æˆåŠŸ!
[2025-04-14 13:22:47] [36m[info][0m init_es.go:24 goblog/core.EsConnect esè¿æ¥æˆåŠŸ!
[2025-04-14 13:23:41] [36m[info][0m init_db.go:26 goblog/core.InitDB æ•°æ®åº“è¿æ¥æˆåŠŸ!
[2025-04-14 13:23:42] [36m[info][0m init_redis.go:20 goblog/core.InitRedis redisè¿æ¥æˆåŠŸ!
[2025-04-14 13:23:44] [36m[info][0m init_es.go:24 goblog/core.EsConnect esè¿æ¥æˆåŠŸ!
[2025-04-14 13:24:22] [36m[info][0m init_db.go:26 goblog/core.InitDB æ•°æ®åº“è¿æ¥æˆåŠŸ!
[2025-04-14 13:24:23] [36m[info][0m init_redis.go:20 goblog/core.InitRedis redisè¿æ¥æˆåŠŸ!
[2025-04-14 13:24:25] [36m[info][0m init_es.go:24 goblog/core.EsConnect esè¿æ¥æˆåŠŸ!
[2025-04-14 15:00:57] [36m[info][0m init_db.go:26 goblog/core.InitDB æ•°æ®åº“è¿æ¥æˆåŠŸ!
[2025-04-14 15:00:58] [36m[info][0m init_redis.go:20 goblog/core.InitRedis redisè¿æ¥æˆåŠŸ!
[2025-04-14 15:01:00] [36m[info][0m init_es.go:24 goblog/core.EsConnect esè¿æ¥æˆåŠŸ!
[2025-04-14 15:01:16] [36m[info][0m flag_db.go:32 goblog/flags.FlagDB æ•°æ®åº“è¿ç§»æˆåŠŸ!
[2025-04-14 15:03:54] [36m[info][0m init_db.go:26 goblog/core.InitDB æ•°æ®åº“è¿æ¥æˆåŠŸ!
[2025-04-14 15:03:55] [36m[info][0m init_redis.go:20 goblog/core.InitRedis redisè¿æ¥æˆåŠŸ!
[2025-04-14 15:03:57] [36m[info][0m init_es.go:24 goblog/core.EsConnect esè¿æ¥æˆåŠŸ!
[2025-04-14 15:04:00] [36m[info][0m index.go:24 goblog/service/es_service.CreateIndex article_index ç´¢å¼•åˆ›å»ºæˆåŠŸ!
[2025-04-14 15:08:29] [36m[info][0m init_db.go:26 goblog/core.InitDB æ•°æ®åº“è¿æ¥æˆåŠŸ!
[2025-04-14 15:08:30] [36m[info][0m init_redis.go:20 goblog/core.InitRedis redisè¿æ¥æˆåŠŸ!
[2025-04-14 15:08:32] [36m[info][0m init_es.go:24 goblog/core.EsConnect esè¿æ¥æˆåŠŸ!
[2025-04-14 15:08:34] [31m[error][0m index.go:22 goblog/service/es_service.CreateIndex article_index ç´¢å¼•åˆ›å»ºå¤±è´¥ elastic: Error 400 (Bad Request): index [user_index/bNGkyn3fQbau9FUf5pmC7Q] already exists [type=resource_already_exists_exception]
[2025-04-14 15:08:34] [36m[info][0m index.go:24 goblog/service/es_service.CreateIndex article_index ç´¢å¼•åˆ›å»ºæˆåŠŸ!
[2025-04-14 15:16:15] [36m[info][0m init_db.go:26 goblog/core.InitDB æ•°æ®åº“è¿æ¥æˆåŠŸ!
[2025-04-14 15:16:16] [36m[info][0m init_redis.go:20 goblog/core.InitRedis redisè¿æ¥æˆåŠŸ!
[2025-04-14 15:16:18] [36m[info][0m init_es.go:24 goblog/core.EsConnect esè¿æ¥æˆåŠŸ!
[2025-04-14 15:16:20] [36m[info][0m index.go:24 goblog/service/es_service.CreateIndex article_index ç´¢å¼•åˆ›å»ºæˆåŠŸ!
[2025-04-14 15:25:06] [36m[info][0m init_db.go:26 goblog/core.InitDB æ•°æ®åº“è¿æ¥æˆåŠŸ!
[2025-04-14 15:25:08] [36m[info][0m init_redis.go:20 goblog/core.InitRedis redisè¿æ¥æˆåŠŸ!
[2025-04-14 15:25:10] [36m[info][0m init_es.go:24 goblog/core.EsConnect esè¿æ¥æˆåŠŸ!
[2025-04-14 15:34:48] [36m[info][0m init_es.go:24 goblog/core.EsConnect esè¿æ¥æˆåŠŸ!
[2025-04-14 15:45:33] [36m[info][0m init_es.go:24 goblog/core.EsConnect esè¿æ¥æˆåŠŸ!
[2025-04-14 15:49:38] [36m[info][0m init_es.go:24 goblog/core.EsConnect esè¿æ¥æˆåŠŸ!
[2025-04-14 15:51:08] [36m[info][0m init_es.go:24 goblog/core.EsConnect esè¿æ¥æˆåŠŸ!
[2025-04-14 15:52:39] [36m[info][0m init_es.go:24 goblog/core.EsConnect esè¿æ¥æˆåŠŸ!
[2025-04-14 19:06:02] [36m[info][0m init_db.go:26 goblog/core.InitDB æ•°æ®åº“è¿æ¥æˆåŠŸ!
[2025-04-14 19:06:03] [36m[info][0m init_redis.go:20 goblog/core.InitRedis redisè¿æ¥æˆåŠŸ!
[2025-04-14 19:06:05] [36m[info][0m init_es.go:24 goblog/core.EsConnect esè¿æ¥æˆåŠŸ!
[2025-04-14 19:06:07] [36m[info][0m index.go:40 goblog/service/es_service.DeleteIndex article_index ç´¢å¼•åˆ é™¤æˆåŠŸ
[2025-04-14 19:06:08] [36m[info][0m index.go:24 goblog/service/es_service.CreateIndex article_index ç´¢å¼•åˆ›å»ºæˆåŠŸ!
[2025-04-14 19:07:16] [36m[info][0m init_db.go:26 goblog/core.InitDB æ•°æ®åº“è¿æ¥æˆåŠŸ!
[2025-04-14 19:07:17] [36m[info][0m init_redis.go:20 goblog/core.InitRedis redisè¿æ¥æˆåŠŸ!
[2025-04-14 19:07:19] [36m[info][0m init_es.go:24 goblog/core.EsConnect esè¿æ¥æˆåŠŸ!
[2025-04-14 19:07:22] [36m[info][0m index.go:40 goblog/service/es_service.DeleteIndex article_index ç´¢å¼•åˆ é™¤æˆåŠŸ
[2025-04-14 19:07:23] [36m[info][0m index.go:24 goblog/service/es_service.CreateIndex article_index ç´¢å¼•åˆ›å»ºæˆåŠŸ!
[2025-04-14 19:34:07] [36m[info][0m init_db.go:31 goblog/core.InitDB æ•°æ®åº“è¿æ¥æˆåŠŸ!
[2025-04-14 19:34:08] [36m[info][0m init_redis.go:20 goblog/core.InitRedis redisè¿æ¥æˆåŠŸ!
[2025-04-14 19:34:10] [36m[info][0m init_es.go:24 goblog/core.EsConnect esè¿æ¥æˆåŠŸ!
[2025-04-14 19:34:33] [36m[info][0m enter.go:68 goblog/flags/flag_user.FlagUser.Create ç”¨æˆ·åˆ›å»ºæˆåŠŸ
[2025-04-14 20:44:21] [36m[info][0m init_db.go:31 goblog/core.InitDB æ•°æ®åº“è¿æ¥æˆåŠŸ!
[2025-04-14 20:44:23] [36m[info][0m init_redis.go:20 goblog/core.InitRedis redisè¿æ¥æˆåŠŸ!
[2025-04-14 20:44:25] [36m[info][0m init_es.go:24 goblog/core.EsConnect esè¿æ¥æˆåŠŸ!
[2025-04-14 22:21:58] [36m[info][0m init_db.go:31 goblog/core.InitDB æ•°æ®åº“è¿æ¥æˆåŠŸ!
[2025-04-14 22:21:59] [36m[info][0m init_redis.go:20 goblog/core.InitRedis redisè¿æ¥æˆåŠŸ!
[2025-04-14 22:22:01] [36m[info][0m init_es.go:24 goblog/core.EsConnect esè¿æ¥æˆåŠŸ!
[2025-04-14 22:46:04] [36m[info][0m init_db.go:31 goblog/core.InitDB æ•°æ®åº“è¿æ¥æˆåŠŸ!
[2025-04-14 22:46:05] [36m[info][0m init_redis.go:20 goblog/core.InitRedis redisè¿æ¥æˆåŠŸ!
[2025-04-14 22:46:07] [36m[info][0m init_es.go:24 goblog/core.EsConnect esè¿æ¥æˆåŠŸ!
[2025-04-14 22:51:18] [36m[info][0m init_db.go:31 goblog/core.InitDB æ•°æ®åº“è¿æ¥æˆåŠŸ!
[2025-04-14 22:51:20] [36m[info][0m init_redis.go:20 goblog/core.InitRedis redisè¿æ¥æˆåŠŸ!
[2025-04-14 22:51:22] [36m[info][0m init_es.go:24 goblog/core.EsConnect esè¿æ¥æˆåŠŸ!
[2025-04-14 22:54:47] [36m[info][0m init_db.go:31 goblog/core.InitDB æ•°æ®åº“è¿æ¥æˆåŠŸ!
[2025-04-14 22:54:49] [36m[info][0m init_redis.go:20 goblog/core.InitRedis redisè¿æ¥æˆåŠŸ!
[2025-04-14 22:54:51] [36m[info][0m init_es.go:24 goblog/core.EsConnect esè¿æ¥æˆåŠŸ!
[2025-04-14 23:06:31] [36m[info][0m init_db.go:31 goblog/core.InitDB æ•°æ®åº“è¿æ¥æˆåŠŸ!
[2025-04-14 23:06:32] [36m[info][0m init_redis.go:20 goblog/core.InitRedis redisè¿æ¥æˆåŠŸ!
[2025-04-14 23:06:35] [36m[info][0m init_es.go:24 goblog/core.EsConnect esè¿æ¥æˆåŠŸ!
[2025-04-14 23:12:39] [36m[info][0m init_db.go:31 goblog/core.InitDB æ•°æ®åº“è¿æ¥æˆåŠŸ!
[2025-04-14 23:12:40] [36m[info][0m init_redis.go:20 goblog/core.InitRedis redisè¿æ¥æˆåŠŸ!
[2025-04-14 23:12:42] [36m[info][0m init_es.go:24 goblog/core.EsConnect esè¿æ¥æˆåŠŸ!
[2025-04-14 23:13:11] [36m[info][0m init_db.go:31 goblog/core.InitDB æ•°æ®åº“è¿æ¥æˆåŠŸ!
[2025-04-14 23:13:13] [36m[info][0m init_redis.go:20 goblog/core.InitRedis redisè¿æ¥æˆåŠŸ!
[2025-04-14 23:13:15] [36m[info][0m init_es.go:24 goblog/core.EsConnect esè¿æ¥æˆåŠŸ!
[2025-04-14 23:15:14] [36m[info][0m init_db.go:31 goblog/core.InitDB æ•°æ®åº“è¿æ¥æˆåŠŸ!
[2025-04-14 23:15:17] [36m[info][0m init_redis.go:20 goblog/core.InitRedis redisè¿æ¥æˆåŠŸ!
[2025-04-14 23:15:19] [36m[info][0m init_es.go:24 goblog/core.EsConnect esè¿æ¥æˆåŠŸ!
[2025-04-14 23:15:54] [36m[info][0m init_db.go:31 goblog/core.InitDB æ•°æ®åº“è¿æ¥æˆåŠŸ!
[2025-04-14 23:15:56] [36m[info][0m init_redis.go:20 goblog/core.InitRedis redisè¿æ¥æˆåŠŸ!
[2025-04-14 23:15:58] [36m[info][0m init_es.go:24 goblog/core.EsConnect esè¿æ¥æˆåŠŸ!
[2025-04-14 23:15:58] [36m[info][0m init_mysql_se.go:12 goblog/core.InitMysqlSE æœªé…ç½®es,å…³é—­ mysql åŒæ­¥æ“ä½œ
