[2025-04-11 09:37:43] [31m[fatal][0m init_db.go:21 goblog/core.InitDB æ•°æ®åº“è¿æ¥å¤±è´¥dial tcp [::1]:3306: connect: connection refused
[2025-04-11 09:38:00] [36m[info][0m init_db.go:28 goblog/core.InitDB æ•°æ®åº“è¿æ¥æˆåŠŸ!
[2025-04-11 09:38:00] [36m[info][0m init_redis.go:20 goblog/core.InitRedis redisè¿æ¥æˆåŠŸ!
[2025-04-11 11:57:24] [36m[info][0m init_db.go:28 goblog/core.InitDB æ•°æ®åº“è¿æ¥æˆåŠŸ!
[2025-04-11 11:57:24] [36m[info][0m init_redis.go:20 goblog/core.InitRedis redisè¿æ¥æˆåŠŸ!
[2025-04-11 12:01:36] [36m[info][0m init_db.go:28 goblog/core.InitDB æ•°æ®åº“è¿æ¥æˆåŠŸ!
[2025-04-11 12:01:36] [36m[info][0m init_redis.go:20 goblog/core.InitRedis redisè¿æ¥æˆåŠŸ!
[2025-04-11 12:38:28] [36m[info][0m init_db.go:28 goblog/core.InitDB æ•°æ®åº“è¿æ¥æˆåŠŸ!
[2025-04-11 12:38:28] [36m[info][0m init_redis.go:20 goblog/core.InitRedis redisè¿æ¥æˆåŠŸ!
[2025-04-11 12:43:01] [36m[info][0m init_db.go:28 goblog/core.InitDB æ•°æ®åº“è¿æ¥æˆåŠŸ!
[2025-04-11 12:43:01] [36m[info][0m init_redis.go:20 goblog/core.InitRedis redisè¿æ¥æˆåŠŸ!
[2025-04-11 12:46:09] [36m[info][0m init_db.go:28 goblog/core.InitDB æ•°æ®åº“è¿æ¥æˆåŠŸ!
[2025-04-11 12:46:09] [36m[info][0m init_redis.go:20 goblog/core.InitRedis redisè¿æ¥æˆåŠŸ!
[2025-04-11 12:46:26] [31m[error][0m captcha_middleware.go:31 goblog/middleware.CaptchaMiddleware å›¾å½¢éªŒè¯å¤±è´¥ invalid character 'u' looking for beginning of value
[2025-04-11 12:47:07] [31m[error][0m captcha_middleware.go:31 goblog/middleware.CaptchaMiddleware å›¾å½¢éªŒè¯å¤±è´¥ invalid character 'u' looking for beginning of value
[2025-04-11 12:50:31] [36m[info][0m init_db.go:28 goblog/core.InitDB æ•°æ®åº“è¿æ¥æˆåŠŸ!
[2025-04-11 12:50:31] [36m[info][0m init_redis.go:20 goblog/core.InitRedis redisè¿æ¥æˆåŠŸ!
[2025-04-11 12:53:11] [36m[info][0m init_db.go:28 goblog/core.InitDB æ•°æ®åº“è¿æ¥æˆåŠŸ!
[2025-04-11 12:53:11] [36m[info][0m init_redis.go:20 goblog/core.InitRedis redisè¿æ¥æˆåŠŸ!
[2025-04-11 12:55:35] [36m[info][0m init_db.go:28 goblog/core.InitDB æ•°æ®åº“è¿æ¥æˆåŠŸ!
[2025-04-11 12:55:35] [36m[info][0m init_redis.go:20 goblog/core.InitRedis redisè¿æ¥æˆåŠŸ!
[2025-04-11 12:55:38] [31m[error][0m captcha_middleware.go:37 goblog/middleware.CaptchaMiddleware éªŒè¯ç é”™è¯¯ %!s(<nil>)
[2025-04-11 12:57:50] [36m[info][0m init_db.go:28 goblog/core.InitDB æ•°æ®åº“è¿æ¥æˆåŠŸ!
[2025-04-11 12:57:50] [36m[info][0m init_redis.go:20 goblog/core.InitRedis redisè¿æ¥æˆåŠŸ!
[2025-04-11 13:01:23] [31m[error][0m captcha_middleware.go:33 goblog/middleware.CaptchaMiddleware å›¾å½¢éªŒè¯å¤±è´¥ invalid character '\n' in string literal
[2025-04-11 14:04:48] [36m[info][0m init_db.go:28 goblog/core.InitDB æ•°æ®åº“è¿æ¥æˆåŠŸ!
[2025-04-11 14:04:48] [36m[info][0m init_redis.go:20 goblog/core.InitRedis redisè¿æ¥æˆåŠŸ!
