[2025-04-09 16:29:10] [36m[info][0m init_db.go:28 goblog/core.InitDB æ•°æ®åº“è¿æ¥æˆåŠŸ!
[2025-04-09 16:29:10] [36m[info][0m init_redis.go:20 goblog/core.InitRedis redisè¿æ¥æˆåŠŸ!
[2025-04-09 16:40:05] [36m[info][0m init_db.go:28 goblog/core.InitDB æ•°æ®åº“è¿æ¥æˆåŠŸ!
[2025-04-09 16:40:05] [36m[info][0m init_redis.go:20 goblog/core.InitRedis redisè¿æ¥æˆåŠŸ!
[2025-04-09 16:40:09] [36m[info][0m image_upload.go:52 goblog/api/image_api.ImageApi.ImageUploadView ä¸Šä¼ å›¾ç‰‡é‡å¤ WechatIMG2307.jpg 0e5bafaa07c891c74cec0c7ada4fde9d
[2025-04-09 16:41:57] [36m[info][0m image_upload.go:52 goblog/api/image_api.ImageApi.ImageUploadView ä¸Šä¼ å›¾ç‰‡é‡å¤ WechatIMG2307.jpg 0e5bafaa07c891c74cec0c7ada4fde9d
[2025-04-09 16:41:58] [36m[info][0m image_upload.go:52 goblog/api/image_api.ImageApi.ImageUploadView ä¸Šä¼ å›¾ç‰‡é‡å¤ WechatIMG2307.jpg 0e5bafaa07c891c74cec0c7ada4fde9d
[2025-04-09 19:12:32] [36m[info][0m init_db.go:28 goblog/core.InitDB æ•°æ®åº“è¿æ¥æˆåŠŸ!
[2025-04-09 19:12:32] [36m[info][0m init_redis.go:20 goblog/core.InitRedis redisè¿æ¥æˆåŠŸ!
[2025-04-09 19:12:35] [36m[info][0m image_upload.go:49 goblog/api/image_api.ImageApi.ImageUploadView ä¸Šä¼ å›¾ç‰‡é‡å¤ WechatIMG2307.jpg<==>WechatIMG2307.jpg 0e5bafaa07c891c74cec0c7ada4fde9d
[2025-04-09 19:12:37] [36m[info][0m image_upload.go:49 goblog/api/image_api.ImageApi.ImageUploadView ä¸Šä¼ å›¾ç‰‡é‡å¤ WechatIMG2307.jpg<==>WechatIMG2307.jpg 0e5bafaa07c891c74cec0c7ada4fde9d
[2025-04-09 19:13:24] [36m[info][0m image_upload.go:49 goblog/api/image_api.ImageApi.ImageUploadView ä¸Šä¼ å›¾ç‰‡é‡å¤ WechatIMG2307.jpg<==>WechatIMG2307.jpg 0e5bafaa07c891c74cec0c7ada4fde9d
[2025-04-09 19:14:09] [36m[info][0m image_upload.go:49 goblog/api/image_api.ImageApi.ImageUploadView ä¸Šä¼ å›¾ç‰‡é‡å¤ WechatIMG2307.jpg<==>WechatIMG2307.jpg 0e5bafaa07c891c74cec0c7ada4fde9d
[2025-04-09 19:14:49] [36m[info][0m init_db.go:28 goblog/core.InitDB æ•°æ®åº“è¿æ¥æˆåŠŸ!
[2025-04-09 19:14:49] [36m[info][0m init_redis.go:20 goblog/core.InitRedis redisè¿æ¥æˆåŠŸ!
[2025-04-09 19:14:53] [36m[info][0m image_upload.go:49 goblog/api/image_api.ImageApi.ImageUploadView ä¸Šä¼ å›¾ç‰‡é‡å¤ WechatIMG2307.jpg<==>WechatIMG2307.jpg 0e5bafaa07c891c74cec0c7ada4fde9d
[2025-04-09 19:15:19] [36m[info][0m image_upload.go:49 goblog/api/image_api.ImageApi.ImageUploadView ä¸Šä¼ å›¾ç‰‡é‡å¤ sd.jpg<==>WechatIMG2307.jpg 0e5bafaa07c891c74cec0c7ada4fde9d
[2025-04-09 19:15:42] [36m[info][0m init_db.go:28 goblog/core.InitDB æ•°æ®åº“è¿æ¥æˆåŠŸ!
[2025-04-09 19:15:42] [36m[info][0m init_redis.go:20 goblog/core.InitRedis redisè¿æ¥æˆåŠŸ!
[2025-04-09 19:15:45] [36m[info][0m image_upload.go:49 goblog/api/image_api.ImageApi.ImageUploadView ä¸Šä¼ å›¾ç‰‡é‡å¤ sd.jpg<==>WechatIMG2307.jpg 0e5bafaa07c891c74cec0c7ada4fde9d
[2025-04-09 19:39:19] [36m[info][0m init_db.go:28 goblog/core.InitDB æ•°æ®åº“è¿æ¥æˆåŠŸ!
[2025-04-09 19:39:19] [36m[info][0m init_redis.go:20 goblog/core.InitRedis redisè¿æ¥æˆåŠŸ!
[2025-04-09 20:00:26] [36m[info][0m init_db.go:28 goblog/core.InitDB æ•°æ®åº“è¿æ¥æˆåŠŸ!
[2025-04-09 20:00:26] [36m[info][0m init_redis.go:20 goblog/core.InitRedis redisè¿æ¥æˆåŠŸ!
[2025-04-09 20:00:32] [36m[info][0m image_upload.go:49 goblog/api/image_api.ImageApi.ImageUploadView ä¸Šä¼ å›¾ç‰‡é‡å¤ sd.jpg<==>sd.jpg 0e5bafaa07c891c74cec0c7ada4fde9d
